<?xml version="1.0" encoding="UTF-8"?>
<!-- Generated by org.testng.reporters.JUnitXMLReporter -->
<testsuite ignored="0" hostname="WS0458" failures="0" tests="0" name="Surefire test" time="0.528" errors="0" timestamp="26 Jan 2024 10:31:37 GMT">
  <testcase classname="io.cucumber.testng.AbstractTestNGCucumberTests" name="@BeforeClass setUpClass" time="0.335">
    <failure type="java.lang.NullPointerException" message="Cannot invoke &amp;quot;io.cucumber.cienvironment.CiEnvironment$Git.getRemote()&amp;quot; because &amp;quot;git&amp;quot; is null">
      <![CDATA[java.lang.NullPointerException: Cannot invoke "io.cucumber.cienvironment.CiEnvironment$Git.getRemote()" because "git" is null
at io.cucumber.core.runtime.CucumberExecutionContext.createCi(CucumberExecutionContext.java:83)
at io.cucumber.core.runtime.CucumberExecutionContext.createMeta(CucumberExecutionContext.java:68)
at io.cucumber.core.runtime.CucumberExecutionContext.emitMeta(CucumberExecutionContext.java:57)
at io.cucumber.core.runtime.CucumberExecutionContext.startTestRun(CucumberExecutionContext.java:51)
at io.cucumber.testng.TestNGCucumberRunner.<init>(TestNGCucumberRunner.java:123)
at io.cucumber.testng.AbstractTestNGCucumberTests.setUpClass(AbstractTestNGCucumberTests.java:27)
... Removed 31 stack frames]]>
    </failure>
  </testcase> <!-- @BeforeClass setUpClass -->
</testsuite> <!-- Surefire test -->
