<?xml version="1.0" encoding="UTF-8"?>
<testng-results ignored="0" total="3" passed="3" failed="0" skipped="0">
  <reporter-output>
  </reporter-output>
  <suite started-at="2024-01-30T03:25:19Z" name="Surefire suite" finished-at="2024-01-30T03:25:58Z" duration-ms="39551">
    <groups>
      <group name="cucumber">
        <method signature="AbstractTestNGCucumberTests.runScenario(io.cucumber.testng.PickleWrapper, io.cucumber.testng.FeatureWrapper)[pri:0, instance:awesomecucumber.runners.MyTestNGRunnerTest@5c20aab9]" name="runScenario" class="io.cucumber.testng.AbstractTestNGCucumberTests"/>
      </group> <!-- cucumber -->
    </groups>
    <test started-at="2024-01-30T03:25:19Z" name="Surefire test" finished-at="2024-01-30T03:25:58Z" duration-ms="39551">
      <class name="awesomecucumber.runners.MyTestNGRunnerTest">
        <test-method is-config="true" signature="setUpClass(org.testng.ITestContext)[pri:0, instance:awesomecucumber.runners.MyTestNGRunnerTest@5c20aab9]" started-at="2024-01-30T03:25:19Z" name="setUpClass" finished-at="2024-01-30T03:25:20Z" duration-ms="1188" status="PASS">
          <params>
            <param index="0">
              <value>
                <![CDATA[org.testng.TestRunner@7c56c911]]>
              </value>
            </param>
          </params>
          <reporter-output>
          </reporter-output>
        </test-method> <!-- setUpClass -->
        <test-method signature="runScenario(io.cucumber.testng.PickleWrapper, io.cucumber.testng.FeatureWrapper)[pri:0, instance:awesomecucumber.runners.MyTestNGRunnerTest@5c20aab9]" started-at="2024-01-30T03:25:20Z" name="runScenario" description="Runs Cucumber Scenarios" data-provider="scenarios" finished-at="2024-01-30T03:25:55Z" duration-ms="34644" status="PASS">
          <params>
            <param index="0">
              <value>
                <![CDATA["Click Radio Button"]]>
              </value>
            </param>
            <param index="1">
              <value>
                <![CDATA["A description"]]>
              </value>
            </param>
          </params>
          <reporter-output>
          </reporter-output>
        </test-method> <!-- runScenario -->
        <test-method signature="runScenario(io.cucumber.testng.PickleWrapper, io.cucumber.testng.FeatureWrapper)[pri:0, instance:awesomecucumber.runners.MyTestNGRunnerTest@5c20aab9]" started-at="2024-01-30T03:25:20Z" name="runScenario" description="Runs Cucumber Scenarios" data-provider="scenarios" finished-at="2024-01-30T03:25:48Z" duration-ms="28132" status="PASS">
          <params>
            <param index="0">
              <value>
                <![CDATA["go to Buttons page"]]>
              </value>
            </param>
            <param index="1">
              <value>
                <![CDATA["Text Box Page"]]>
              </value>
            </param>
          </params>
          <reporter-output>
          </reporter-output>
        </test-method> <!-- runScenario -->
        <test-method signature="runScenario(io.cucumber.testng.PickleWrapper, io.cucumber.testng.FeatureWrapper)[pri:0, instance:awesomecucumber.runners.MyTestNGRunnerTest@5c20aab9]" started-at="2024-01-30T03:25:20Z" name="runScenario" description="Runs Cucumber Scenarios" data-provider="scenarios" finished-at="2024-01-30T03:25:49Z" duration-ms="29083" status="PASS">
          <params>
            <param index="0">
              <value>
                <![CDATA["Click Radio Button"]]>
              </value>
            </param>
            <param index="1">
              <value>
                <![CDATA["A description"]]>
              </value>
            </param>
          </params>
          <reporter-output>
          </reporter-output>
        </test-method> <!-- runScenario -->
        <test-method is-config="true" signature="tearDownClass()[pri:0, instance:awesomecucumber.runners.MyTestNGRunnerTest@5c20aab9]" started-at="2024-01-30T03:25:55Z" name="tearDownClass" finished-at="2024-01-30T03:25:58Z" duration-ms="3676" status="PASS">
          <reporter-output>
          </reporter-output>
        </test-method> <!-- tearDownClass -->
      </class> <!-- awesomecucumber.runners.MyTestNGRunnerTest -->
    </test> <!-- Surefire test -->
  </suite> <!-- Surefire suite -->
</testng-results>
