<?xml version="1.0" encoding="UTF-8"?>
<testng-results ignored="0" total="3" passed="3" failed="0" skipped="0">
  <reporter-output>
  </reporter-output>
  <suite started-at="2024-01-29T04:34:42Z" name="Surefire suite" finished-at="2024-01-29T04:35:29Z" duration-ms="46919">
    <groups>
      <group name="cucumber">
        <method signature="AbstractTestNGCucumberTests.runScenario(io.cucumber.testng.PickleWrapper, io.cucumber.testng.FeatureWrapper)[pri:0, instance:awesomecucumber.runners.MyTestNGRunnerTest@118102ee]" name="runScenario" class="io.cucumber.testng.AbstractTestNGCucumberTests"/>
      </group> <!-- cucumber -->
    </groups>
    <test started-at="2024-01-29T04:34:42Z" name="Surefire test" finished-at="2024-01-29T04:35:29Z" duration-ms="46919">
      <class name="awesomecucumber.runners.MyTestNGRunnerTest">
        <test-method is-config="true" signature="setUpClass(org.testng.ITestContext)[pri:0, instance:awesomecucumber.runners.MyTestNGRunnerTest@118102ee]" started-at="2024-01-29T04:34:42Z" name="setUpClass" finished-at="2024-01-29T04:34:43Z" duration-ms="1134" status="PASS">
          <params>
            <param index="0">
              <value>
                <![CDATA[org.testng.TestRunner@5cf072ea]]>
              </value>
            </param>
          </params>
          <reporter-output>
          </reporter-output>
        </test-method> <!-- setUpClass -->
        <test-method signature="runScenario(io.cucumber.testng.PickleWrapper, io.cucumber.testng.FeatureWrapper)[pri:0, instance:awesomecucumber.runners.MyTestNGRunnerTest@118102ee]" started-at="2024-01-29T04:34:43Z" name="runScenario" description="Runs Cucumber Scenarios" data-provider="scenarios" finished-at="2024-01-29T04:35:13Z" duration-ms="29881" status="PASS">
          <params>
            <param index="0">
              <value>
                <![CDATA["Click Radio Button"]]>
              </value>
            </param>
            <param index="1">
              <value>
                <![CDATA["A description"]]>
              </value>
            </param>
          </params>
          <reporter-output>
          </reporter-output>
        </test-method> <!-- runScenario -->
        <test-method signature="runScenario(io.cucumber.testng.PickleWrapper, io.cucumber.testng.FeatureWrapper)[pri:0, instance:awesomecucumber.runners.MyTestNGRunnerTest@118102ee]" started-at="2024-01-29T04:34:43Z" name="runScenario" description="Runs Cucumber Scenarios" data-provider="scenarios" finished-at="2024-01-29T04:35:11Z" duration-ms="28056" status="PASS">
          <params>
            <param index="0">
              <value>
                <![CDATA["Click Radio Button"]]>
              </value>
            </param>
            <param index="1">
              <value>
                <![CDATA["A description"]]>
              </value>
            </param>
          </params>
          <reporter-output>
          </reporter-output>
        </test-method> <!-- runScenario -->
        <test-method signature="runScenario(io.cucumber.testng.PickleWrapper, io.cucumber.testng.FeatureWrapper)[pri:0, instance:awesomecucumber.runners.MyTestNGRunnerTest@118102ee]" started-at="2024-01-29T04:34:43Z" name="runScenario" description="Runs Cucumber Scenarios" data-provider="scenarios" finished-at="2024-01-29T04:35:25Z" duration-ms="41668" status="PASS">
          <params>
            <param index="0">
              <value>
                <![CDATA["go to Buttons page"]]>
              </value>
            </param>
            <param index="1">
              <value>
                <![CDATA["Text Box Page"]]>
              </value>
            </param>
          </params>
          <reporter-output>
          </reporter-output>
        </test-method> <!-- runScenario -->
        <test-method is-config="true" signature="tearDownClass()[pri:0, instance:awesomecucumber.runners.MyTestNGRunnerTest@118102ee]" started-at="2024-01-29T04:35:25Z" name="tearDownClass" finished-at="2024-01-29T04:35:29Z" duration-ms="4067" status="PASS">
          <reporter-output>
          </reporter-output>
        </test-method> <!-- tearDownClass -->
      </class> <!-- awesomecucumber.runners.MyTestNGRunnerTest -->
    </test> <!-- Surefire test -->
  </suite> <!-- Surefire suite -->
</testng-results>
